<?xml version="1.0" encoding="UTF-8"?>
<!-- Generated by org.testng.reporters.JUnitReportReporter -->
<testsuite hostname="DESKTOP-00S3GG2" failures="0" tests="1" name="TestNG1.facebook" time="23.633" errors="0" timestamp="2022-07-01T15:24:14 IST" skipped="0">
  <testcase classname="TestNG1.facebook" name="tc1" time="23.633"/>
  <system-out>
    <![CDATA[Facebook – log in or sign up
https://www.facebook.com/login/?privacy_mutation_token=eyJ0eXBlIjowLCJjcmVhdGlvbl90aW1lIjoxNjU2NjY5MjA4LCJjYWxsc2l0ZV9pZCI6MzgxMjI5MDc5NTc1OTQ2fQ%3D%3D]]>
  </system-out>
</testsuite> <!-- TestNG1.facebook -->
